18:26:58.982 [main] INFO  c.e.dividend.DividendApplication - Starting DividendApplication using Java 11.0.21 on DESKTOP-MLHD1LK with PID 10760 (C:\dev\workspace\Dividend\build\classes\java\main started by user in C:\dev\workspace\Dividend)
18:26:58.986 [main] INFO  c.e.dividend.DividendApplication - No active profile set, falling back to 1 default profile: "default"
18:26:59.678 [main] INFO  o.s.d.r.c.RepositoryConfigurationDelegate - Multiple Spring Data modules found, entering strict repository configuration mode
18:26:59.679 [main] INFO  o.s.d.r.c.RepositoryConfigurationDelegate - Bootstrapping Spring Data JPA repositories in DEFAULT mode.
18:26:59.759 [main] INFO  o.s.d.r.c.RepositoryConfigurationDelegate - Finished Spring Data repository scanning in 71 ms. Found 3 JPA repository interfaces.
18:26:59.771 [main] INFO  o.s.d.r.c.RepositoryConfigurationDelegate - Multiple Spring Data modules found, entering strict repository configuration mode
18:26:59.773 [main] INFO  o.s.d.r.c.RepositoryConfigurationDelegate - Bootstrapping Spring Data Redis repositories in DEFAULT mode.
18:26:59.788 [main] INFO  o.s.d.r.c.RepositoryConfigurationExtensionSupport - Spring Data Redis - Could not safely identify store assignment for repository candidate interface com.example.dividend.persist.CompanyRepository; If you want this repository to be a Redis repository, consider annotating your entities with one of these annotations: org.springframework.data.redis.core.RedisHash (preferred), or consider extending one of the following types with your repository: org.springframework.data.keyvalue.repository.KeyValueRepository
18:26:59.790 [main] INFO  o.s.d.r.c.RepositoryConfigurationExtensionSupport - Spring Data Redis - Could not safely identify store assignment for repository candidate interface com.example.dividend.persist.DividendRepository; If you want this repository to be a Redis repository, consider annotating your entities with one of these annotations: org.springframework.data.redis.core.RedisHash (preferred), or consider extending one of the following types with your repository: org.springframework.data.keyvalue.repository.KeyValueRepository
18:26:59.790 [main] INFO  o.s.d.r.c.RepositoryConfigurationExtensionSupport - Spring Data Redis - Could not safely identify store assignment for repository candidate interface com.example.dividend.persist.MemberRepository; If you want this repository to be a Redis repository, consider annotating your entities with one of these annotations: org.springframework.data.redis.core.RedisHash (preferred), or consider extending one of the following types with your repository: org.springframework.data.keyvalue.repository.KeyValueRepository
18:26:59.791 [main] INFO  o.s.d.r.c.RepositoryConfigurationDelegate - Finished Spring Data repository scanning in 10 ms. Found 0 Redis repository interfaces.
18:27:00.392 [main] INFO  o.s.b.w.e.tomcat.TomcatWebServer - Tomcat initialized with port(s): 8080 (http)
18:27:00.401 [main] INFO  o.a.coyote.http11.Http11NioProtocol - Initializing ProtocolHandler ["http-nio-8080"]
18:27:00.402 [main] INFO  o.a.catalina.core.StandardService - Starting service [Tomcat]
18:27:00.402 [main] INFO  o.a.catalina.core.StandardEngine - Starting Servlet engine: [Apache Tomcat/9.0.83]
18:27:00.513 [main] INFO  o.a.c.c.C.[Tomcat].[localhost].[/] - Initializing Spring embedded WebApplicationContext
18:27:00.513 [main] INFO  o.s.b.w.s.c.ServletWebServerApplicationContext - Root WebApplicationContext: initialization completed in 1486 ms
18:27:00.544 [main] INFO  com.zaxxer.hikari.HikariDataSource - HikariPool-1 - Starting...
18:27:00.679 [main] INFO  com.zaxxer.hikari.HikariDataSource - HikariPool-1 - Start completed.
18:27:00.690 [main] INFO  o.s.b.a.h.H2ConsoleAutoConfiguration - H2 console available at '/h2-console'. Database available at 'jdbc:h2:mem:dayone'
18:27:00.843 [main] INFO  o.h.jpa.internal.util.LogHelper - HHH000204: Processing PersistenceUnitInfo [name: default]
18:27:00.880 [main] INFO  org.hibernate.Version - HHH000412: Hibernate ORM core version 5.6.15.Final
18:27:01.018 [main] INFO  o.h.annotations.common.Version - HCANN000001: Hibernate Commons Annotations {5.1.2.Final}
18:27:01.120 [main] INFO  org.hibernate.dialect.Dialect - HHH000400: Using dialect: org.hibernate.dialect.H2Dialect
18:27:01.682 [main] INFO  o.h.e.t.j.p.i.JtaPlatformInitiator - HHH000490: Using JtaPlatform implementation: [org.hibernate.engine.transaction.jta.platform.internal.NoJtaPlatform]
18:27:01.697 [main] INFO  o.s.o.j.LocalContainerEntityManagerFactoryBean - Initialized JPA EntityManagerFactory for persistence unit 'default'
18:27:02.183 [main] WARN  o.s.b.a.o.j.JpaBaseConfiguration$JpaWebConfiguration - spring.jpa.open-in-view is enabled by default. Therefore, database queries may be performed during view rendering. Explicitly configure spring.jpa.open-in-view to disable this warning
18:27:02.502 [main] WARN  o.s.s.c.a.web.builders.WebSecurity - You are asking Spring Security to ignore Ant [pattern='/h2-console/**']. This is not recommended -- please use permitAll via HttpSecurity#authorizeHttpRequests instead.
18:27:02.503 [main] INFO  o.s.s.web.DefaultSecurityFilterChain - Will not secure Ant [pattern='/h2-console/**']
18:27:02.534 [main] INFO  o.s.s.web.DefaultSecurityFilterChain - Will secure any request with [org.springframework.security.web.session.DisableEncodeUrlFilter@6802c10e, org.springframework.security.web.context.request.async.WebAsyncManagerIntegrationFilter@341889a1, org.springframework.security.web.context.SecurityContextPersistenceFilter@7dd2a5f7, org.springframework.security.web.header.HeaderWriterFilter@1d988297, org.springframework.security.web.authentication.logout.LogoutFilter@5ace6611, com.example.dividend.security.JwtAuthenticationFilter@c478e4e, org.springframework.security.web.savedrequest.RequestCacheAwareFilter@46146832, org.springframework.security.web.servletapi.SecurityContextHolderAwareRequestFilter@15a5cc6e, org.springframework.security.web.authentication.AnonymousAuthenticationFilter@29693b1d, org.springframework.security.web.session.SessionManagementFilter@4fc8163, org.springframework.security.web.access.ExceptionTranslationFilter@7ba623d1, org.springframework.security.web.access.intercept.AuthorizationFilter@52667676]
18:27:03.088 [main] INFO  o.a.coyote.http11.Http11NioProtocol - Starting ProtocolHandler ["http-nio-8080"]
18:27:03.111 [main] INFO  o.s.b.w.e.tomcat.TomcatWebServer - Tomcat started on port(s): 8080 (http) with context path ''
18:27:03.131 [main] INFO  c.e.dividend.DividendApplication - Started DividendApplication in 4.594 seconds (JVM running for 6.144)
18:27:08.925 [http-nio-8080-exec-1] INFO  o.a.c.c.C.[Tomcat].[localhost].[/] - Initializing Spring DispatcherServlet 'dispatcherServlet'
18:27:08.928 [http-nio-8080-exec-1] INFO  o.s.web.servlet.DispatcherServlet - Initializing Servlet 'dispatcherServlet'
18:27:08.931 [http-nio-8080-exec-1] INFO  o.s.web.servlet.DispatcherServlet - Completed initialization in 2 ms
18:27:13.115 [http-nio-8080-exec-3] INFO  c.e.dividend.web.AuthController - user login -> grace
18:27:46.396 [http-nio-8080-exec-4] INFO  c.e.d.s.JwtAuthenticationFilter - [grace] -> /company
